c:\nativeproject\gameapi-networkprogramming\shooter\x64\debug\vc143.pdb
c:\nativeproject\gameapi-networkprogramming\shooter\x64\debug\vc143.idb
c:\nativeproject\gameapi-networkprogramming\shooter\x64\debug\spritesystem.obj
c:\nativeproject\gameapi-networkprogramming\shooter\x64\debug\vbo.obj
c:\nativeproject\gameapi-networkprogramming\shooter\x64\debug\vao.obj
c:\nativeproject\gameapi-networkprogramming\shooter\x64\debug\texture.obj
c:\nativeproject\gameapi-networkprogramming\shooter\x64\debug\stb.obj
c:\nativeproject\gameapi-networkprogramming\shooter\x64\debug\shaderprogram.obj
c:\nativeproject\gameapi-networkprogramming\shooter\x64\debug\ebo.obj
c:\nativeproject\gameapi-networkprogramming\shooter\x64\debug\pausestate.obj
c:\nativeproject\gameapi-networkprogramming\shooter\x64\debug\mainmenustate.obj
c:\nativeproject\gameapi-networkprogramming\shooter\x64\debug\lobystate.obj
c:\nativeproject\gameapi-networkprogramming\shooter\x64\debug\gameplaystate.obj
c:\nativeproject\gameapi-networkprogramming\shooter\x64\debug\gameoverstate.obj
c:\nativeproject\gameapi-networkprogramming\shooter\x64\debug\gamestate.obj
c:\nativeproject\gameapi-networkprogramming\shooter\x64\debug\uimanager.obj
c:\nativeproject\gameapi-networkprogramming\shooter\x64\debug\timemanager.obj
c:\nativeproject\gameapi-networkprogramming\shooter\x64\debug\rendermanager.obj
c:\nativeproject\gameapi-networkprogramming\shooter\x64\debug\inputmanager.obj
c:\nativeproject\gameapi-networkprogramming\shooter\x64\debug\gamemanager.obj
c:\nativeproject\gameapi-networkprogramming\shooter\x64\debug\command.obj
c:\nativeproject\gameapi-networkprogramming\shooter\x64\debug\engine.obj
c:\nativeproject\gameapi-networkprogramming\shooter\x64\debug\shooter.obj
c:\nativeproject\gameapi-networkprogramming\shooter\x64\debug\imgui_widgets.obj
c:\nativeproject\gameapi-networkprogramming\shooter\x64\debug\imgui_tables.obj
c:\nativeproject\gameapi-networkprogramming\shooter\x64\debug\imgui_impl_opengl3.obj
c:\nativeproject\gameapi-networkprogramming\shooter\x64\debug\imgui_impl_glfw.obj
c:\nativeproject\gameapi-networkprogramming\shooter\x64\debug\imgui_draw.obj
c:\nativeproject\gameapi-networkprogramming\shooter\x64\debug\imgui_demo.obj
c:\nativeproject\gameapi-networkprogramming\shooter\x64\debug\imgui.obj
c:\nativeproject\gameapi-networkprogramming\shooter\x64\debug\glm.obj
c:\nativeproject\gameapi-networkprogramming\shooter\x64\debug\rayline.obj
c:\nativeproject\gameapi-networkprogramming\shooter\x64\debug\playercontroller.obj
c:\nativeproject\gameapi-networkprogramming\shooter\x64\debug\gunsystem.obj
c:\nativeproject\gameapi-networkprogramming\shooter\x64\debug\level.obj
c:\nativeproject\gameapi-networkprogramming\shooter\x64\debug\glm.cppm.ifc
c:\nativeproject\gameapi-networkprogramming\shooter\x64\debug\glm.cppm.ifc.d.json
c:\nativeproject\gameapi-networkprogramming\shooter\x64\debug\glm.cppm.obj
c:\nativeproject\gameapi-networkprogramming\shooter\x64\debug\glad.obj
c:\nativeproject\gameapi-networkprogramming\x64\debug\shooter.exe
c:\nativeproject\gameapi-networkprogramming\x64\debug\shooter.pdb
c:\nativeproject\gameapi-networkprogramming\shooter\x64\debug\glm.cppm.module.json
c:\nativeproject\gameapi-networkprogramming\x64\debug\shooter.lib
c:\nativeproject\gameapi-networkprogramming\x64\debug\shooter.exp
c:\nativeproject\gameapi-networkprogramming\shooter\x64\debug\shooter.ilk
c:\nativeproject\gameapi-networkprogramming\shooter\x64\debug\shooter.tlog\cl.command.1.tlog
c:\nativeproject\gameapi-networkprogramming\shooter\x64\debug\shooter.tlog\cl.items.tlog
c:\nativeproject\gameapi-networkprogramming\shooter\x64\debug\shooter.tlog\cl.read.1.tlog
c:\nativeproject\gameapi-networkprogramming\shooter\x64\debug\shooter.tlog\cl.write.1.tlog
c:\nativeproject\gameapi-networkprogramming\shooter\x64\debug\shooter.tlog\link.command.1.tlog
c:\nativeproject\gameapi-networkprogramming\shooter\x64\debug\shooter.tlog\link.read.1.tlog
c:\nativeproject\gameapi-networkprogramming\shooter\x64\debug\shooter.tlog\link.secondary.1.tlog
c:\nativeproject\gameapi-networkprogramming\shooter\x64\debug\shooter.tlog\link.write.1.tlog
c:\nativeproject\gameapi-networkprogramming\shooter\x64\debug\shooter_md.tlog\cl.command.1.tlog
c:\nativeproject\gameapi-networkprogramming\shooter\x64\debug\shooter_md.tlog\microsoft.build.cpptasks.cl.read.1.tlog
c:\nativeproject\gameapi-networkprogramming\shooter\x64\debug\shooter_md.tlog\microsoft.build.cpptasks.cl.write.1.tlog
